<?xml version="1.0" encoding="UTF-8"?>
<!-- Generated by org.testng.reporters.JUnitXMLReporter -->
<testsuite ignored="0" hostname="HTCLT1474" failures="0" tests="6" name="Account" time="1.716" errors="0" timestamp="2024-02-08T15:05:24 IST">
  <testcase classname="Test.Account_Scenario_ExtentReport" name="Login_Salesforce_page" time="0.0">
    <skipped/>
  </testcase> <!-- Login_Salesforce_page -->
  <testcase classname="Test.Account_Scenario_ExtentReport" name="Homepage" time="0.0">
    <skipped/>
  </testcase> <!-- Homepage -->
  <testcase classname="Test.Account_Scenario_ExtentReport" name="Account_Layouts" time="0.0">
    <skipped/>
  </testcase> <!-- Account_Layouts -->
  <testcase classname="Test.Account_Scenario_ExtentReport" name="ShippingAddress_checkbox" time="0.0">
    <skipped/>
  </testcase> <!-- ShippingAddress_checkbox -->
  <testcase classname="Test.Account_Scenario_ExtentReport" name="Address_compare" time="0.0">
    <skipped/>
  </testcase> <!-- Address_compare -->
  <testcase classname="Test.Account_Scenario_ExtentReport" name="Dependency_Filed" time="0.0">
    <skipped/>
  </testcase> <!-- Dependency_Filed -->
</testsuite> <!-- Account -->
