<?xml version="1.0" encoding="UTF-8"?>
<!-- Generated by org.testng.reporters.JUnitXMLReporter -->
<testsuite ignored="0" hostname="HTCLT1474" failures="0" tests="18" name="Opportunity" time="1.733" errors="0" timestamp="2024-02-08T15:05:26 IST">
  <testcase classname="Test.Opportunity_Scenario_ExtentReport" name="Login_Salesforce_page" time="0.0">
    <skipped/>
  </testcase> <!-- Login_Salesforce_page -->
  <testcase classname="Test.Opportunity_Scenario_ExtentReport" name="Homepage" time="0.0">
    <skipped/>
  </testcase> <!-- Homepage -->
  <testcase classname="Test.Opportunity_Scenario_ExtentReport" name="Opportunity_Layouts" time="0.0">
    <skipped/>
  </testcase> <!-- Opportunity_Layouts -->
  <testcase classname="Test.Opportunity_Scenario_ExtentReport" name="Opportunity_Date_Field_Type" time="0.0">
    <skipped/>
  </testcase> <!-- Opportunity_Date_Field_Type -->
  <testcase classname="Test.Opportunity_Scenario_ExtentReport" name="AutopopulateAnnualRevenue" time="0.001">
    <skipped/>
  </testcase> <!-- AutopopulateAnnualRevenue -->
  <testcase classname="Test.Opportunity_Scenario_ExtentReport" name="Qualification_NewTask" time="0.0">
    <skipped/>
  </testcase> <!-- Qualification_NewTask -->
  <testcase classname="Test.Opportunity_Scenario_ExtentReport" name="AutoPopulate_Contact" time="0.0">
    <skipped/>
  </testcase> <!-- AutoPopulate_Contact -->
  <testcase classname="Test.Opportunity_Scenario_ExtentReport" name="Quote_created_tab" time="0.0">
    <skipped/>
  </testcase> <!-- Quote_created_tab -->
  <testcase classname="Test.Opportunity_Scenario_ExtentReport" name="Check_Product" time="0.0">
    <skipped/>
  </testcase> <!-- Check_Product -->
  <testcase classname="Test.Opportunity_Scenario_ExtentReport" name="Quote_created_PDF" time="0.0">
    <skipped/>
  </testcase> <!-- Quote_created_PDF -->
  <testcase classname="Test.Opportunity_Scenario_ExtentReport" name="Notes_Attachmented" time="0.0">
    <skipped/>
  </testcase> <!-- Notes_Attachmented -->
  <testcase classname="Test.Opportunity_Scenario_ExtentReport" name="Quote_Accepted" time="0.0">
    <skipped/>
  </testcase> <!-- Quote_Accepted -->
  <testcase classname="Test.Opportunity_Scenario_ExtentReport" name="Closed_won" time="0.0">
    <skipped/>
  </testcase> <!-- Closed_won -->
  <testcase classname="Test.Opportunity_Scenario_ExtentReport" name="Contract_Created" time="0.0">
    <skipped/>
  </testcase> <!-- Contract_Created -->
  <testcase classname="Test.Opportunity_Scenario_ExtentReport" name="Activated_Contract" time="0.0">
    <skipped/>
  </testcase> <!-- Activated_Contract -->
  <testcase classname="Test.Opportunity_Scenario_ExtentReport" name="Order_Creation" time="0.0">
    <skipped/>
  </testcase> <!-- Order_Creation -->
  <testcase classname="Test.Opportunity_Scenario_ExtentReport" name="Contract_Lost" time="0.0">
    <skipped/>
  </testcase> <!-- Contract_Lost -->
  <testcase classname="Test.Opportunity_Scenario_ExtentReport" name="Quote_Rejected" time="0.0">
    <skipped/>
  </testcase> <!-- Quote_Rejected -->
</testsuite> <!-- Opportunity -->
