<?xml version="1.0" encoding="UTF-8"?>
<!-- Generated by org.testng.reporters.JUnitXMLReporter -->
<testsuite ignored="0" hostname="HTCLT1474" failures="0" tests="12" name="Opportunity1" time="1.764" errors="0" timestamp="2024-02-08T15:05:28 IST">
  <testcase classname="Test.Opp_scenario" name="Login_Salesforce_page" time="0.0">
    <skipped/>
  </testcase> <!-- Login_Salesforce_page -->
  <testcase classname="Test.Opp_scenario" name="Homepage" time="0.0">
    <skipped/>
  </testcase> <!-- Homepage -->
  <testcase classname="Test.Opp_scenario" name="Check_Product" time="0.0">
    <skipped/>
  </testcase> <!-- Check_Product -->
  <testcase classname="Test.Opp_scenario" name="Quote_created_PDF" time="0.0">
    <skipped/>
  </testcase> <!-- Quote_created_PDF -->
  <testcase classname="Test.Opp_scenario" name="Notes_Attachmented" time="0.0">
    <skipped/>
  </testcase> <!-- Notes_Attachmented -->
  <testcase classname="Test.Opp_scenario" name="Quote_Accepted" time="0.0">
    <skipped/>
  </testcase> <!-- Quote_Accepted -->
  <testcase classname="Test.Opp_scenario" name="Closed_won" time="0.001">
    <skipped/>
  </testcase> <!-- Closed_won -->
  <testcase classname="Test.Opp_scenario" name="Contract_Created" time="0.0">
    <skipped/>
  </testcase> <!-- Contract_Created -->
  <testcase classname="Test.Opp_scenario" name="Activated_Contract" time="0.0">
    <skipped/>
  </testcase> <!-- Activated_Contract -->
  <testcase classname="Test.Opp_scenario" name="Order_Creation" time="0.0">
    <skipped/>
  </testcase> <!-- Order_Creation -->
  <testcase classname="Test.Opp_scenario" name="Contract_Lost" time="0.0">
    <skipped/>
  </testcase> <!-- Contract_Lost -->
  <testcase classname="Test.Opp_scenario" name="Quote_Rejected" time="0.0">
    <skipped/>
  </testcase> <!-- Quote_Rejected -->
</testsuite> <!-- Opportunity1 -->
